<?xml version="1.0" encoding="UTF-8"?>
<!-- Generated by org.testng.reporters.JUnitXMLReporter -->
<testsuite hostname="DG" ignored="1" name="Default test" tests="1" failures="0" timestamp="2022-03-21T20:07:26 IST" time="46.516" errors="0">
  <testcase name="validateLoginFunctionality" time="7.16" classname="V1.org.flipkart.com.smoke_and_sanity_tests.ValidateLoginPage"/>
  <testcase name="validateLoginPageUI" time="0.0" classname="V1.org.flipkart.com.smoke_and_sanity_tests.ValidateLoginPage">
    <ignored/>
  </testcase> <!-- validateLoginPageUI -->
</testsuite> <!-- Default test -->
