<?xml version="1.0" encoding="UTF-8"?>
<!-- Generated by org.testng.reporters.JUnitXMLReporter -->
<testsuite hostname="DG" ignored="0" name="Default test" tests="2" failures="0" timestamp="2022-03-20T22:37:09 IST" time="12.231" errors="0">
  <testcase name="validateLoginFunctionality" time="0.271" classname="V1.org.flipkart.com.smoke_and_sanity_tests.ValidateLoginPage"/>
  <testcase name="validateLoginPageUI" time="0.624" classname="V1.org.flipkart.com.smoke_and_sanity_tests.ValidateLoginPage"/>
</testsuite> <!-- Default test -->
