<?xml version="1.0" encoding="UTF-8"?>
<testng-results skipped="0" failed="0" ignored="1" total="2" passed="1">
  <reporter-output>
  </reporter-output>
  <suite name="Default suite" duration-ms="46516" started-at="2022-03-21T20:06:40 IST" finished-at="2022-03-21T20:07:26 IST">
    <groups>
    </groups>
    <test name="Default test" duration-ms="46516" started-at="2022-03-21T20:06:40 IST" finished-at="2022-03-21T20:07:26 IST">
      <class name="V1.org.flipkart.com.smoke_and_sanity_tests.ValidateLoginPage">
        <test-method status="PASS" signature="driverSetup()[pri:0, instance:V1.org.flipkart.com.smoke_and_sanity_tests.ValidateLoginPage@eb21112]" name="driverSetup" is-config="true" duration-ms="38680" started-at="2022-03-21T20:06:40 IST" finished-at="2022-03-21T20:07:18 IST">
          <reporter-output>
          </reporter-output>
        </test-method> <!-- driverSetup -->
        <test-method status="PASS" signature="validateLoginFunctionality()[pri:0, instance:V1.org.flipkart.com.smoke_and_sanity_tests.ValidateLoginPage@eb21112]" name="validateLoginFunctionality" duration-ms="7160" started-at="2022-03-21T20:07:18 IST" finished-at="2022-03-21T20:07:25 IST">
          <reporter-output>
          </reporter-output>
        </test-method> <!-- validateLoginFunctionality -->
        <test-method status="PASS" signature="driverCleanp()[pri:0, instance:V1.org.flipkart.com.smoke_and_sanity_tests.ValidateLoginPage@eb21112]" name="driverCleanp" is-config="true" duration-ms="646" started-at="2022-03-21T20:07:25 IST" finished-at="2022-03-21T20:07:26 IST">
          <reporter-output>
          </reporter-output>
        </test-method> <!-- driverCleanp -->
      </class> <!-- V1.org.flipkart.com.smoke_and_sanity_tests.ValidateLoginPage -->
    </test> <!-- Default test -->
  </suite> <!-- Default suite -->
</testng-results>
