<?xml version="1.0" encoding="UTF-8"?>
<testng-results skipped="0" failed="0" ignored="0" total="1" passed="1">
  <reporter-output>
  </reporter-output>
  <suite name="Default suite" duration-ms="28062" started-at="2022-03-20T17:44:38 IST" finished-at="2022-03-20T17:45:06 IST">
    <groups>
    </groups>
    <test name="Default test" duration-ms="28062" started-at="2022-03-20T17:44:38 IST" finished-at="2022-03-20T17:45:06 IST">
      <class name="V1.org.flipkart.com.smoke_and_sanity_tests.ValidateLoginPage">
        <test-method status="PASS" signature="driverSetup()[pri:0, instance:V1.org.flipkart.com.smoke_and_sanity_tests.ValidateLoginPage@43a0cee9]" name="driverSetup" is-config="true" duration-ms="27773" started-at="2022-03-20T17:44:38 IST" finished-at="2022-03-20T17:45:06 IST">
          <reporter-output>
          </reporter-output>
        </test-method> <!-- driverSetup -->
        <test-method status="PASS" signature="validateLoginFunctionality()[pri:0, instance:V1.org.flipkart.com.smoke_and_sanity_tests.ValidateLoginPage@43a0cee9]" name="validateLoginFunctionality" duration-ms="260" started-at="2022-03-20T17:45:06 IST" finished-at="2022-03-20T17:45:06 IST">
          <reporter-output>
          </reporter-output>
        </test-method> <!-- validateLoginFunctionality -->
      </class> <!-- V1.org.flipkart.com.smoke_and_sanity_tests.ValidateLoginPage -->
    </test> <!-- Default test -->
  </suite> <!-- Default suite -->
</testng-results>
